{"D:\\Projects_and_codes\\cicd-fullstack-app\\backend\\server.js": {"path":"D:\\Projects_and_codes\\cicd-fullstack-app\\backend\\server.js","statementMap":{"0":{"start":{"line":84,"column":16},"end":{"line":84,"column":34}},"1":{"start":{"line":85,"column":13},"end":{"line":85,"column":28}},"2":{"start":{"line":86,"column":15},"end":{"line":86,"column":32}},"3":{"start":{"line":87,"column":19},"end":{"line":87,"column":49}},"4":{"start":{"line":88,"column":15},"end":{"line":88,"column":37}},"5":{"start":{"line":89,"column":0},"end":{"line":89,"column":27}},"6":{"start":{"line":91,"column":12},"end":{"line":91,"column":21}},"7":{"start":{"line":92,"column":13},"end":{"line":92,"column":37}},"8":{"start":{"line":95,"column":0},"end":{"line":95,"column":18}},"9":{"start":{"line":96,"column":0},"end":{"line":96,"column":16}},"10":{"start":{"line":97,"column":0},"end":{"line":97,"column":24}},"11":{"start":{"line":100,"column":0},"end":{"line":100,"column":34}},"12":{"start":{"line":103,"column":0},"end":{"line":105,"column":3}},"13":{"start":{"line":104,"column":2},"end":{"line":104,"column":83}},"14":{"start":{"line":109,"column":2},"end":{"line":123,"column":3}},"15":{"start":{"line":111,"column":4},"end":{"line":111,"column":38}},"16":{"start":{"line":112,"column":4},"end":{"line":112,"column":54}},"17":{"start":{"line":115,"column":4},"end":{"line":119,"column":5}},"18":{"start":{"line":116,"column":6},"end":{"line":118,"column":9}},"19":{"start":{"line":117,"column":8},"end":{"line":117,"column":54}},"20":{"start":{"line":121,"column":4},"end":{"line":121,"column":52}},"21":{"start":{"line":122,"column":4},"end":{"line":122,"column":20}},"22":{"start":{"line":127,"column":0},"end":{"line":131,"column":3}},"23":{"start":{"line":128,"column":2},"end":{"line":128,"column":45}},"24":{"start":{"line":129,"column":2},"end":{"line":129,"column":23}},"25":{"start":{"line":130,"column":2},"end":{"line":130,"column":18}},"26":{"start":{"line":133,"column":0},"end":{"line":133,"column":14}},"27":{"start":{"line":135,"column":0},"end":{"line":135,"column":21}}},"fnMap":{"0":{"name":"(anonymous_0)","decl":{"start":{"line":103,"column":19},"end":{"line":103,"column":20}},"loc":{"start":{"line":103,"column":33},"end":{"line":105,"column":1}},"line":103},"1":{"name":"startServer","decl":{"start":{"line":108,"column":15},"end":{"line":108,"column":26}},"loc":{"start":{"line":108,"column":29},"end":{"line":124,"column":1}},"line":108},"2":{"name":"(anonymous_2)","decl":{"start":{"line":116,"column":23},"end":{"line":116,"column":24}},"loc":{"start":{"line":116,"column":29},"end":{"line":118,"column":7}},"line":116},"3":{"name":"(anonymous_3)","decl":{"start":{"line":127,"column":21},"end":{"line":127,"column":22}},"loc":{"start":{"line":127,"column":33},"end":{"line":131,"column":1}},"line":127}},"branchMap":{"0":{"loc":{"start":{"line":92,"column":13},"end":{"line":92,"column":37}},"type":"binary-expr","locations":[{"start":{"line":92,"column":13},"end":{"line":92,"column":29}},{"start":{"line":92,"column":33},"end":{"line":92,"column":37}}],"line":92},"1":{"loc":{"start":{"line":115,"column":4},"end":{"line":119,"column":5}},"type":"if","locations":[{"start":{"line":115,"column":4},"end":{"line":119,"column":5}},{"start":{},"end":{}}],"line":115}},"s":{"0":4,"1":4,"2":4,"3":4,"4":4,"5":4,"6":4,"7":4,"8":4,"9":4,"10":4,"11":4,"12":4,"13":1,"14":4,"15":4,"16":4,"17":4,"18":0,"19":0,"20":0,"21":0,"22":4,"23":0,"24":0,"25":0,"26":4,"27":4},"f":{"0":1,"1":4,"2":0,"3":0},"b":{"0":[4,4],"1":[0,4]},"_coverageSchema":"1a1c01bbd47fc00a2c39e90264f33305004495a9","hash":"50c9057faca1dcab69e855e5c5e095d76eefbd39"}
,"D:\\Projects_and_codes\\cicd-fullstack-app\\backend\\controllers\\todoController.js": {"path":"D:\\Projects_and_codes\\cicd-fullstack-app\\backend\\controllers\\todoController.js","statementMap":{"0":{"start":{"line":1,"column":20},"end":{"line":1,"column":54}},"1":{"start":{"line":5,"column":8},"end":{"line":11,"column":9}},"2":{"start":{"line":6,"column":26},"end":{"line":6,"column":57}},"3":{"start":{"line":7,"column":12},"end":{"line":7,"column":28}},"4":{"start":{"line":9,"column":12},"end":{"line":9,"column":69}},"5":{"start":{"line":10,"column":12},"end":{"line":10,"column":69}},"6":{"start":{"line":15,"column":8},"end":{"line":29,"column":9}},"7":{"start":{"line":16,"column":23},"end":{"line":16,"column":46}},"8":{"start":{"line":17,"column":12},"end":{"line":19,"column":13}},"9":{"start":{"line":18,"column":16},"end":{"line":18,"column":74}},"10":{"start":{"line":21,"column":25},"end":{"line":21,"column":58}},"11":{"start":{"line":22,"column":12},"end":{"line":22,"column":27}},"12":{"start":{"line":24,"column":12},"end":{"line":24,"column":69}},"13":{"start":{"line":25,"column":12},"end":{"line":27,"column":13}},"14":{"start":{"line":26,"column":16},"end":{"line":26,"column":70}},"15":{"start":{"line":28,"column":12},"end":{"line":28,"column":69}},"16":{"start":{"line":33,"column":8},"end":{"line":43,"column":9}},"17":{"start":{"line":34,"column":41},"end":{"line":34,"column":49}},"18":{"start":{"line":35,"column":28},"end":{"line":35,"column":78}},"19":{"start":{"line":36,"column":12},"end":{"line":36,"column":42}},"20":{"start":{"line":38,"column":12},"end":{"line":38,"column":68}},"21":{"start":{"line":39,"column":12},"end":{"line":41,"column":13}},"22":{"start":{"line":40,"column":16},"end":{"line":40,"column":70}},"23":{"start":{"line":42,"column":12},"end":{"line":42,"column":69}},"24":{"start":{"line":47,"column":8},"end":{"line":65,"column":9}},"25":{"start":{"line":48,"column":23},"end":{"line":48,"column":46}},"26":{"start":{"line":49,"column":12},"end":{"line":51,"column":13}},"27":{"start":{"line":50,"column":16},"end":{"line":50,"column":74}},"28":{"start":{"line":53,"column":41},"end":{"line":53,"column":49}},"29":{"start":{"line":54,"column":32},"end":{"line":54,"column":86}},"30":{"start":{"line":55,"column":12},"end":{"line":55,"column":34}},"31":{"start":{"line":57,"column":12},"end":{"line":57,"column":68}},"32":{"start":{"line":58,"column":12},"end":{"line":60,"column":13}},"33":{"start":{"line":59,"column":16},"end":{"line":59,"column":70}},"34":{"start":{"line":61,"column":12},"end":{"line":63,"column":13}},"35":{"start":{"line":62,"column":16},"end":{"line":62,"column":70}},"36":{"start":{"line":64,"column":12},"end":{"line":64,"column":69}},"37":{"start":{"line":69,"column":8},"end":{"line":83,"column":9}},"38":{"start":{"line":70,"column":23},"end":{"line":70,"column":46}},"39":{"start":{"line":71,"column":12},"end":{"line":73,"column":13}},"40":{"start":{"line":72,"column":16},"end":{"line":72,"column":74}},"41":{"start":{"line":75,"column":12},"end":{"line":75,"column":45}},"42":{"start":{"line":76,"column":12},"end":{"line":76,"column":35}},"43":{"start":{"line":78,"column":12},"end":{"line":78,"column":68}},"44":{"start":{"line":79,"column":12},"end":{"line":81,"column":13}},"45":{"start":{"line":80,"column":16},"end":{"line":80,"column":70}},"46":{"start":{"line":82,"column":12},"end":{"line":82,"column":69}},"47":{"start":{"line":87,"column":8},"end":{"line":93,"column":9}},"48":{"start":{"line":88,"column":26},"end":{"line":88,"column":58}},"49":{"start":{"line":89,"column":12},"end":{"line":89,"column":32}},"50":{"start":{"line":91,"column":12},"end":{"line":91,"column":70}},"51":{"start":{"line":92,"column":12},"end":{"line":92,"column":69}},"52":{"start":{"line":97,"column":0},"end":{"line":97,"column":38}}},"fnMap":{"0":{"name":"(anonymous_0)","decl":{"start":{"line":4,"column":4},"end":{"line":4,"column":5}},"loc":{"start":{"line":4,"column":32},"end":{"line":12,"column":5}},"line":4},"1":{"name":"(anonymous_1)","decl":{"start":{"line":14,"column":4},"end":{"line":14,"column":5}},"loc":{"start":{"line":14,"column":32},"end":{"line":30,"column":5}},"line":14},"2":{"name":"(anonymous_2)","decl":{"start":{"line":32,"column":4},"end":{"line":32,"column":5}},"loc":{"start":{"line":32,"column":31},"end":{"line":44,"column":5}},"line":32},"3":{"name":"(anonymous_3)","decl":{"start":{"line":46,"column":4},"end":{"line":46,"column":5}},"loc":{"start":{"line":46,"column":31},"end":{"line":66,"column":5}},"line":46},"4":{"name":"(anonymous_4)","decl":{"start":{"line":68,"column":4},"end":{"line":68,"column":5}},"loc":{"start":{"line":68,"column":31},"end":{"line":84,"column":5}},"line":68},"5":{"name":"(anonymous_5)","decl":{"start":{"line":86,"column":4},"end":{"line":86,"column":5}},"loc":{"start":{"line":86,"column":33},"end":{"line":94,"column":5}},"line":86}},"branchMap":{"0":{"loc":{"start":{"line":17,"column":12},"end":{"line":19,"column":13}},"type":"if","locations":[{"start":{"line":17,"column":12},"end":{"line":19,"column":13}},{"start":{},"end":{}}],"line":17},"1":{"loc":{"start":{"line":25,"column":12},"end":{"line":27,"column":13}},"type":"if","locations":[{"start":{"line":25,"column":12},"end":{"line":27,"column":13}},{"start":{},"end":{}}],"line":25},"2":{"loc":{"start":{"line":39,"column":12},"end":{"line":41,"column":13}},"type":"if","locations":[{"start":{"line":39,"column":12},"end":{"line":41,"column":13}},{"start":{},"end":{}}],"line":39},"3":{"loc":{"start":{"line":49,"column":12},"end":{"line":51,"column":13}},"type":"if","locations":[{"start":{"line":49,"column":12},"end":{"line":51,"column":13}},{"start":{},"end":{}}],"line":49},"4":{"loc":{"start":{"line":58,"column":12},"end":{"line":60,"column":13}},"type":"if","locations":[{"start":{"line":58,"column":12},"end":{"line":60,"column":13}},{"start":{},"end":{}}],"line":58},"5":{"loc":{"start":{"line":61,"column":12},"end":{"line":63,"column":13}},"type":"if","locations":[{"start":{"line":61,"column":12},"end":{"line":63,"column":13}},{"start":{},"end":{}}],"line":61},"6":{"loc":{"start":{"line":71,"column":12},"end":{"line":73,"column":13}},"type":"if","locations":[{"start":{"line":71,"column":12},"end":{"line":73,"column":13}},{"start":{},"end":{}}],"line":71},"7":{"loc":{"start":{"line":79,"column":12},"end":{"line":81,"column":13}},"type":"if","locations":[{"start":{"line":79,"column":12},"end":{"line":81,"column":13}},{"start":{},"end":{}}],"line":79}},"s":{"0":4,"1":4,"2":4,"3":4,"4":0,"5":0,"6":0,"7":0,"8":0,"9":0,"10":0,"11":0,"12":0,"13":0,"14":0,"15":0,"16":23,"17":23,"18":23,"19":20,"20":3,"21":3,"22":2,"23":1,"24":4,"25":4,"26":4,"27":0,"28":4,"29":4,"30":2,"31":2,"32":2,"33":2,"34":0,"35":0,"36":0,"37":0,"38":0,"39":0,"40":0,"41":0,"42":0,"43":0,"44":0,"45":0,"46":0,"47":0,"48":0,"49":0,"50":0,"51":0,"52":4},"f":{"0":4,"1":0,"2":23,"3":4,"4":0,"5":0},"b":{"0":[0,0],"1":[0,0],"2":[2,1],"3":[0,4],"4":[2,0],"5":[0,0],"6":[0,0],"7":[0,0]},"_coverageSchema":"1a1c01bbd47fc00a2c39e90264f33305004495a9","hash":"aad11d6c089d6a4e12e321f93b04b2c477ebc6c7"}
,"D:\\Projects_and_codes\\cicd-fullstack-app\\backend\\dao\\todoDao.js": {"path":"D:\\Projects_and_codes\\cicd-fullstack-app\\backend\\dao\\todoDao.js","statementMap":{"0":{"start":{"line":1,"column":18},"end":{"line":1,"column":48}},"1":{"start":{"line":5,"column":8},"end":{"line":10,"column":9}},"2":{"start":{"line":6,"column":12},"end":{"line":6,"column":45}},"3":{"start":{"line":8,"column":12},"end":{"line":8,"column":54}},"4":{"start":{"line":9,"column":12},"end":{"line":9,"column":24}},"5":{"start":{"line":14,"column":8},"end":{"line":19,"column":9}},"6":{"start":{"line":15,"column":12},"end":{"line":15,"column":48}},"7":{"start":{"line":17,"column":12},"end":{"line":17,"column":55}},"8":{"start":{"line":18,"column":12},"end":{"line":18,"column":24}},"9":{"start":{"line":23,"column":8},"end":{"line":28,"column":9}},"10":{"start":{"line":24,"column":12},"end":{"line":24,"column":48}},"11":{"start":{"line":26,"column":12},"end":{"line":26,"column":53}},"12":{"start":{"line":27,"column":12},"end":{"line":27,"column":24}},"13":{"start":{"line":32,"column":8},"end":{"line":37,"column":9}},"14":{"start":{"line":33,"column":12},"end":{"line":33,"column":52}},"15":{"start":{"line":35,"column":12},"end":{"line":35,"column":57}},"16":{"start":{"line":36,"column":12},"end":{"line":36,"column":24}},"17":{"start":{"line":41,"column":8},"end":{"line":46,"column":9}},"18":{"start":{"line":42,"column":12},"end":{"line":42,"column":46}},"19":{"start":{"line":44,"column":12},"end":{"line":44,"column":57}},"20":{"start":{"line":45,"column":12},"end":{"line":45,"column":24}},"21":{"start":{"line":50,"column":8},"end":{"line":55,"column":9}},"22":{"start":{"line":51,"column":12},"end":{"line":51,"column":43}},"23":{"start":{"line":53,"column":12},"end":{"line":53,"column":55}},"24":{"start":{"line":54,"column":12},"end":{"line":54,"column":24}},"25":{"start":{"line":59,"column":8},"end":{"line":65,"column":9}},"26":{"start":{"line":60,"column":25},"end":{"line":60,"column":48}},"27":{"start":{"line":61,"column":12},"end":{"line":61,"column":26}},"28":{"start":{"line":63,"column":12},"end":{"line":63,"column":57}},"29":{"start":{"line":64,"column":12},"end":{"line":64,"column":24}},"30":{"start":{"line":69,"column":0},"end":{"line":69,"column":31}}},"fnMap":{"0":{"name":"(anonymous_0)","decl":{"start":{"line":4,"column":4},"end":{"line":4,"column":5}},"loc":{"start":{"line":4,"column":20},"end":{"line":11,"column":5}},"line":4},"1":{"name":"(anonymous_1)","decl":{"start":{"line":13,"column":4},"end":{"line":13,"column":5}},"loc":{"start":{"line":13,"column":23},"end":{"line":20,"column":5}},"line":13},"2":{"name":"(anonymous_2)","decl":{"start":{"line":22,"column":4},"end":{"line":22,"column":5}},"loc":{"start":{"line":22,"column":23},"end":{"line":29,"column":5}},"line":22},"3":{"name":"(anonymous_3)","decl":{"start":{"line":31,"column":4},"end":{"line":31,"column":5}},"loc":{"start":{"line":31,"column":31},"end":{"line":38,"column":5}},"line":31},"4":{"name":"(anonymous_4)","decl":{"start":{"line":40,"column":4},"end":{"line":40,"column":5}},"loc":{"start":{"line":40,"column":25},"end":{"line":47,"column":5}},"line":40},"5":{"name":"(anonymous_5)","decl":{"start":{"line":49,"column":4},"end":{"line":49,"column":5}},"loc":{"start":{"line":49,"column":21},"end":{"line":56,"column":5}},"line":49},"6":{"name":"(anonymous_6)","decl":{"start":{"line":58,"column":4},"end":{"line":58,"column":5}},"loc":{"start":{"line":58,"column":25},"end":{"line":66,"column":5}},"line":58}},"branchMap":{},"s":{"0":4,"1":4,"2":4,"3":0,"4":0,"5":4,"6":4,"7":0,"8":0,"9":21,"10":21,"11":1,"12":1,"13":2,"14":2,"15":0,"16":0,"17":0,"18":0,"19":0,"20":0,"21":0,"22":0,"23":0,"24":0,"25":4,"26":4,"27":4,"28":0,"29":0,"30":4},"f":{"0":4,"1":4,"2":21,"3":2,"4":0,"5":0,"6":4},"b":{},"_coverageSchema":"1a1c01bbd47fc00a2c39e90264f33305004495a9","hash":"c5a484a3d47fe8d0fc7d1519aa55580950e374be"}
,"D:\\Projects_and_codes\\cicd-fullstack-app\\backend\\db\\todoDb.js": {"path":"D:\\Projects_and_codes\\cicd-fullstack-app\\backend\\db\\todoDb.js","statementMap":{"0":{"start":{"line":1,"column":17},"end":{"line":1,"column":30}},"1":{"start":{"line":2,"column":0},"end":{"line":2,"column":27}},"2":{"start":{"line":6,"column":8},"end":{"line":12,"column":11}},"3":{"start":{"line":17,"column":8},"end":{"line":28,"column":9}},"4":{"start":{"line":18,"column":12},"end":{"line":18,"column":47}},"5":{"start":{"line":19,"column":27},"end":{"line":19,"column":59}},"6":{"start":{"line":20,"column":12},"end":{"line":20,"column":26}},"7":{"start":{"line":22,"column":12},"end":{"line":22,"column":58}},"8":{"start":{"line":23,"column":12},"end":{"line":23,"column":24}},"9":{"start":{"line":25,"column":12},"end":{"line":27,"column":13}},"10":{"start":{"line":26,"column":16},"end":{"line":26,"column":39}},"11":{"start":{"line":32,"column":33},"end":{"line":40,"column":9}},"12":{"start":{"line":42,"column":8},"end":{"line":48,"column":9}},"13":{"start":{"line":43,"column":12},"end":{"line":43,"column":47}},"14":{"start":{"line":44,"column":12},"end":{"line":44,"column":67}},"15":{"start":{"line":46,"column":12},"end":{"line":46,"column":65}},"16":{"start":{"line":47,"column":12},"end":{"line":47,"column":24}},"17":{"start":{"line":52,"column":8},"end":{"line":57,"column":9}},"18":{"start":{"line":53,"column":12},"end":{"line":53,"column":34}},"19":{"start":{"line":55,"column":12},"end":{"line":55,"column":71}},"20":{"start":{"line":56,"column":12},"end":{"line":56,"column":24}},"21":{"start":{"line":61,"column":27},"end":{"line":61,"column":66}},"22":{"start":{"line":62,"column":8},"end":{"line":68,"column":9}},"23":{"start":{"line":63,"column":12},"end":{"line":63,"column":41}},"24":{"start":{"line":64,"column":12},"end":{"line":64,"column":58}},"25":{"start":{"line":66,"column":12},"end":{"line":66,"column":58}},"26":{"start":{"line":67,"column":12},"end":{"line":67,"column":24}},"27":{"start":{"line":72,"column":0},"end":{"line":72,"column":30}}},"fnMap":{"0":{"name":"(anonymous_0)","decl":{"start":{"line":5,"column":4},"end":{"line":5,"column":5}},"loc":{"start":{"line":5,"column":18},"end":{"line":13,"column":5}},"line":5},"1":{"name":"(anonymous_1)","decl":{"start":{"line":15,"column":4},"end":{"line":15,"column":5}},"loc":{"start":{"line":15,"column":30},"end":{"line":29,"column":5}},"line":15},"2":{"name":"(anonymous_2)","decl":{"start":{"line":31,"column":4},"end":{"line":31,"column":5}},"loc":{"start":{"line":31,"column":31},"end":{"line":49,"column":5}},"line":31},"3":{"name":"(anonymous_3)","decl":{"start":{"line":51,"column":4},"end":{"line":51,"column":5}},"loc":{"start":{"line":51,"column":18},"end":{"line":58,"column":5}},"line":51},"4":{"name":"(anonymous_4)","decl":{"start":{"line":60,"column":4},"end":{"line":60,"column":5}},"loc":{"start":{"line":60,"column":23},"end":{"line":69,"column":5}},"line":60}},"branchMap":{"0":{"loc":{"start":{"line":25,"column":12},"end":{"line":27,"column":13}},"type":"if","locations":[{"start":{"line":25,"column":12},"end":{"line":27,"column":13}},{"start":{},"end":{}}],"line":25}},"s":{"0":4,"1":4,"2":4,"3":54,"4":54,"5":54,"6":53,"7":1,"8":1,"9":54,"10":54,"11":8,"12":8,"13":8,"14":8,"15":0,"16":0,"17":4,"18":4,"19":0,"20":0,"21":15,"22":15,"23":15,"24":15,"25":0,"26":0,"27":4},"f":{"0":4,"1":54,"2":8,"3":4,"4":15},"b":{"0":[54,0]},"_coverageSchema":"1a1c01bbd47fc00a2c39e90264f33305004495a9","hash":"ffde0186e1345e1a09237087b698369cf91397ac"}
,"D:\\Projects_and_codes\\cicd-fullstack-app\\backend\\models\\todoModel.js": {"path":"D:\\Projects_and_codes\\cicd-fullstack-app\\backend\\models\\todoModel.js","statementMap":{"0":{"start":{"line":1,"column":11},"end":{"line":1,"column":34}},"1":{"start":{"line":5,"column":22},"end":{"line":5,"column":60}},"2":{"start":{"line":6,"column":23},"end":{"line":6,"column":44}},"3":{"start":{"line":7,"column":8},"end":{"line":7,"column":27}},"4":{"start":{"line":11,"column":22},"end":{"line":11,"column":57}},"5":{"start":{"line":12,"column":23},"end":{"line":12,"column":50}},"6":{"start":{"line":13,"column":8},"end":{"line":13,"column":30}},"7":{"start":{"line":17,"column":22},"end":{"line":21,"column":9}},"8":{"start":{"line":22,"column":23},"end":{"line":22,"column":83}},"9":{"start":{"line":23,"column":8},"end":{"line":23,"column":30}},"10":{"start":{"line":27,"column":29},"end":{"line":27,"column":31}},"11":{"start":{"line":28,"column":23},"end":{"line":28,"column":25}},"12":{"start":{"line":29,"column":25},"end":{"line":29,"column":26}},"13":{"start":{"line":31,"column":8},"end":{"line":34,"column":9}},"14":{"start":{"line":32,"column":12},"end":{"line":32,"column":58}},"15":{"start":{"line":33,"column":12},"end":{"line":33,"column":36}},"16":{"start":{"line":36,"column":8},"end":{"line":39,"column":9}},"17":{"start":{"line":37,"column":12},"end":{"line":37,"column":62}},"18":{"start":{"line":38,"column":12},"end":{"line":38,"column":40}},"19":{"start":{"line":41,"column":8},"end":{"line":41,"column":60}},"20":{"start":{"line":42,"column":8},"end":{"line":42,"column":24}},"21":{"start":{"line":44,"column":22},"end":{"line":49,"column":9}},"22":{"start":{"line":51,"column":23},"end":{"line":51,"column":52}},"23":{"start":{"line":52,"column":8},"end":{"line":52,"column":30}},"24":{"start":{"line":56,"column":22},"end":{"line":56,"column":67}},"25":{"start":{"line":57,"column":23},"end":{"line":57,"column":50}},"26":{"start":{"line":58,"column":8},"end":{"line":58,"column":30}},"27":{"start":{"line":62,"column":22},"end":{"line":62,"column":50}},"28":{"start":{"line":63,"column":23},"end":{"line":63,"column":44}},"29":{"start":{"line":64,"column":8},"end":{"line":64,"column":46}},"30":{"start":{"line":68,"column":0},"end":{"line":68,"column":27}}},"fnMap":{"0":{"name":"(anonymous_0)","decl":{"start":{"line":4,"column":4},"end":{"line":4,"column":5}},"loc":{"start":{"line":4,"column":27},"end":{"line":8,"column":5}},"line":4},"1":{"name":"(anonymous_1)","decl":{"start":{"line":10,"column":4},"end":{"line":10,"column":5}},"loc":{"start":{"line":10,"column":30},"end":{"line":14,"column":5}},"line":10},"2":{"name":"(anonymous_2)","decl":{"start":{"line":16,"column":4},"end":{"line":16,"column":5}},"loc":{"start":{"line":16,"column":30},"end":{"line":24,"column":5}},"line":16},"3":{"name":"(anonymous_3)","decl":{"start":{"line":26,"column":4},"end":{"line":26,"column":5}},"loc":{"start":{"line":26,"column":34},"end":{"line":53,"column":5}},"line":26},"4":{"name":"(anonymous_4)","decl":{"start":{"line":55,"column":4},"end":{"line":55,"column":5}},"loc":{"start":{"line":55,"column":28},"end":{"line":59,"column":5}},"line":55},"5":{"name":"(anonymous_5)","decl":{"start":{"line":61,"column":4},"end":{"line":61,"column":5}},"loc":{"start":{"line":61,"column":25},"end":{"line":65,"column":5}},"line":61}},"branchMap":{"0":{"loc":{"start":{"line":22,"column":58},"end":{"line":22,"column":81}},"type":"binary-expr","locations":[{"start":{"line":22,"column":58},"end":{"line":22,"column":72}},{"start":{"line":22,"column":76},"end":{"line":22,"column":81}}],"line":22},"1":{"loc":{"start":{"line":31,"column":8},"end":{"line":34,"column":9}},"type":"if","locations":[{"start":{"line":31,"column":8},"end":{"line":34,"column":9}},{"start":{},"end":{}}],"line":31},"2":{"loc":{"start":{"line":36,"column":8},"end":{"line":39,"column":9}},"type":"if","locations":[{"start":{"line":36,"column":8},"end":{"line":39,"column":9}},{"start":{},"end":{}}],"line":36}},"s":{"0":4,"1":4,"2":4,"3":4,"4":4,"5":4,"6":4,"7":21,"8":21,"9":20,"10":2,"11":2,"12":2,"13":2,"14":1,"15":1,"16":2,"17":2,"18":2,"19":2,"20":2,"21":2,"22":2,"23":2,"24":0,"25":0,"26":0,"27":0,"28":0,"29":0,"30":4},"f":{"0":4,"1":4,"2":21,"3":2,"4":0,"5":0},"b":{"0":[21,21],"1":[1,1],"2":[2,0]},"_coverageSchema":"1a1c01bbd47fc00a2c39e90264f33305004495a9","hash":"72a6149af0f1b092952c917e338a0a870b7995bb"}
,"D:\\Projects_and_codes\\cicd-fullstack-app\\backend\\routes\\todoRoutes.js": {"path":"D:\\Projects_and_codes\\cicd-fullstack-app\\backend\\routes\\todoRoutes.js","statementMap":{"0":{"start":{"line":1,"column":16},"end":{"line":1,"column":34}},"1":{"start":{"line":2,"column":23},"end":{"line":2,"column":63}},"2":{"start":{"line":4,"column":15},"end":{"line":4,"column":31}},"3":{"start":{"line":7,"column":0},"end":{"line":7,"column":65}},"4":{"start":{"line":10,"column":0},"end":{"line":10,"column":68}},"5":{"start":{"line":13,"column":0},"end":{"line":13,"column":65}},"6":{"start":{"line":16,"column":0},"end":{"line":16,"column":67}},"7":{"start":{"line":19,"column":0},"end":{"line":19,"column":70}},"8":{"start":{"line":22,"column":0},"end":{"line":22,"column":77}},"9":{"start":{"line":24,"column":0},"end":{"line":24,"column":24}}},"fnMap":{},"branchMap":{},"s":{"0":4,"1":4,"2":4,"3":4,"4":4,"5":4,"6":4,"7":4,"8":4,"9":4},"f":{},"b":{},"_coverageSchema":"1a1c01bbd47fc00a2c39e90264f33305004495a9","hash":"0aae27b0b9ed8ac7c1df0b6e1135f4e19093200f"}
,"D:\\Projects_and_codes\\cicd-fullstack-app\\backend\\services\\todoService.js": {"path":"D:\\Projects_and_codes\\cicd-fullstack-app\\backend\\services\\todoService.js","statementMap":{"0":{"start":{"line":1,"column":16},"end":{"line":1,"column":41}},"1":{"start":{"line":5,"column":8},"end":{"line":10,"column":9}},"2":{"start":{"line":6,"column":12},"end":{"line":6,"column":43}},"3":{"start":{"line":8,"column":12},"end":{"line":8,"column":66}},"4":{"start":{"line":9,"column":12},"end":{"line":9,"column":56}},"5":{"start":{"line":14,"column":8},"end":{"line":23,"column":9}},"6":{"start":{"line":15,"column":25},"end":{"line":15,"column":51}},"7":{"start":{"line":16,"column":12},"end":{"line":18,"column":13}},"8":{"start":{"line":17,"column":16},"end":{"line":17,"column":50}},"9":{"start":{"line":19,"column":12},"end":{"line":19,"column":24}},"10":{"start":{"line":21,"column":12},"end":{"line":21,"column":66}},"11":{"start":{"line":22,"column":12},"end":{"line":22,"column":24}},"12":{"start":{"line":27,"column":8},"end":{"line":41,"column":9}},"13":{"start":{"line":28,"column":12},"end":{"line":30,"column":13}},"14":{"start":{"line":29,"column":16},"end":{"line":29,"column":53}},"15":{"start":{"line":32,"column":28},"end":{"line":35,"column":14}},"16":{"start":{"line":37,"column":12},"end":{"line":37,"column":27}},"17":{"start":{"line":39,"column":12},"end":{"line":39,"column":65}},"18":{"start":{"line":40,"column":12},"end":{"line":40,"column":24}},"19":{"start":{"line":45,"column":8},"end":{"line":60,"column":9}},"20":{"start":{"line":46,"column":27},"end":{"line":46,"column":55}},"21":{"start":{"line":47,"column":12},"end":{"line":49,"column":13}},"22":{"start":{"line":48,"column":16},"end":{"line":48,"column":50}},"23":{"start":{"line":51,"column":12},"end":{"line":53,"column":13}},"24":{"start":{"line":52,"column":16},"end":{"line":52,"column":57}},"25":{"start":{"line":55,"column":32},"end":{"line":55,"column":72}},"26":{"start":{"line":56,"column":12},"end":{"line":56,"column":31}},"27":{"start":{"line":58,"column":12},"end":{"line":58,"column":65}},"28":{"start":{"line":59,"column":12},"end":{"line":59,"column":24}},"29":{"start":{"line":64,"column":8},"end":{"line":75,"column":9}},"30":{"start":{"line":65,"column":27},"end":{"line":65,"column":55}},"31":{"start":{"line":66,"column":12},"end":{"line":68,"column":13}},"32":{"start":{"line":67,"column":16},"end":{"line":67,"column":50}},"33":{"start":{"line":70,"column":32},"end":{"line":70,"column":60}},"34":{"start":{"line":71,"column":12},"end":{"line":71,"column":31}},"35":{"start":{"line":73,"column":12},"end":{"line":73,"column":65}},"36":{"start":{"line":74,"column":12},"end":{"line":74,"column":24}},"37":{"start":{"line":79,"column":8},"end":{"line":84,"column":9}},"38":{"start":{"line":80,"column":12},"end":{"line":80,"column":44}},"39":{"start":{"line":82,"column":12},"end":{"line":82,"column":67}},"40":{"start":{"line":83,"column":12},"end":{"line":83,"column":56}},"41":{"start":{"line":88,"column":0},"end":{"line":88,"column":35}}},"fnMap":{"0":{"name":"(anonymous_0)","decl":{"start":{"line":4,"column":4},"end":{"line":4,"column":5}},"loc":{"start":{"line":4,"column":24},"end":{"line":11,"column":5}},"line":4},"1":{"name":"(anonymous_1)","decl":{"start":{"line":13,"column":4},"end":{"line":13,"column":5}},"loc":{"start":{"line":13,"column":26},"end":{"line":24,"column":5}},"line":13},"2":{"name":"(anonymous_2)","decl":{"start":{"line":26,"column":4},"end":{"line":26,"column":5}},"loc":{"start":{"line":26,"column":31},"end":{"line":42,"column":5}},"line":26},"3":{"name":"(anonymous_3)","decl":{"start":{"line":44,"column":4},"end":{"line":44,"column":5}},"loc":{"start":{"line":44,"column":37},"end":{"line":61,"column":5}},"line":44},"4":{"name":"(anonymous_4)","decl":{"start":{"line":63,"column":4},"end":{"line":63,"column":5}},"loc":{"start":{"line":63,"column":25},"end":{"line":76,"column":5}},"line":63},"5":{"name":"(anonymous_5)","decl":{"start":{"line":78,"column":4},"end":{"line":78,"column":5}},"loc":{"start":{"line":78,"column":25},"end":{"line":85,"column":5}},"line":78}},"branchMap":{"0":{"loc":{"start":{"line":16,"column":12},"end":{"line":18,"column":13}},"type":"if","locations":[{"start":{"line":16,"column":12},"end":{"line":18,"column":13}},{"start":{},"end":{}}],"line":16},"1":{"loc":{"start":{"line":28,"column":12},"end":{"line":30,"column":13}},"type":"if","locations":[{"start":{"line":28,"column":12},"end":{"line":30,"column":13}},{"start":{},"end":{}}],"line":28},"2":{"loc":{"start":{"line":28,"column":16},"end":{"line":28,"column":63}},"type":"binary-expr","locations":[{"start":{"line":28,"column":16},"end":{"line":28,"column":31}},{"start":{"line":28,"column":35},"end":{"line":28,"column":63}}],"line":28},"3":{"loc":{"start":{"line":34,"column":27},"end":{"line":34,"column":54}},"type":"binary-expr","locations":[{"start":{"line":34,"column":27},"end":{"line":34,"column":45}},{"start":{"line":34,"column":49},"end":{"line":34,"column":54}}],"line":34},"4":{"loc":{"start":{"line":47,"column":12},"end":{"line":49,"column":13}},"type":"if","locations":[{"start":{"line":47,"column":12},"end":{"line":49,"column":13}},{"start":{},"end":{}}],"line":47},"5":{"loc":{"start":{"line":51,"column":12},"end":{"line":53,"column":13}},"type":"if","locations":[{"start":{"line":51,"column":12},"end":{"line":53,"column":13}},{"start":{},"end":{}}],"line":51},"6":{"loc":{"start":{"line":51,"column":16},"end":{"line":51,"column":80}},"type":"binary-expr","locations":[{"start":{"line":51,"column":16},"end":{"line":51,"column":46}},{"start":{"line":51,"column":50},"end":{"line":51,"column":80}}],"line":51},"7":{"loc":{"start":{"line":66,"column":12},"end":{"line":68,"column":13}},"type":"if","locations":[{"start":{"line":66,"column":12},"end":{"line":68,"column":13}},{"start":{},"end":{}}],"line":66}},"s":{"0":4,"1":4,"2":4,"3":0,"4":0,"5":0,"6":0,"7":0,"8":0,"9":0,"10":0,"11":0,"12":23,"13":23,"14":2,"15":21,"16":20,"17":3,"18":3,"19":4,"20":4,"21":4,"22":2,"23":2,"24":0,"25":2,"26":2,"27":2,"28":2,"29":0,"30":0,"31":0,"32":0,"33":0,"34":0,"35":0,"36":0,"37":0,"38":0,"39":0,"40":0,"41":4},"f":{"0":4,"1":0,"2":23,"3":4,"4":0,"5":0},"b":{"0":[0,0],"1":[2,21],"2":[23,21],"3":[21,21],"4":[2,2],"5":[0,2],"6":[2,1],"7":[0,0]},"_coverageSchema":"1a1c01bbd47fc00a2c39e90264f33305004495a9","hash":"2c7a2c6fd0f901f44916fb6f81a52a956e836af4"}
}
