TN:
SF:server.js
FN:103,(anonymous_0)
FN:108,startServer
FN:116,(anonymous_2)
FN:127,(anonymous_3)
FNF:4
FNH:2
FNDA:1,(anonymous_0)
FNDA:4,startServer
FNDA:0,(anonymous_2)
FNDA:0,(anonymous_3)
DA:84,4
DA:85,4
DA:86,4
DA:87,4
DA:88,4
DA:89,4
DA:91,4
DA:92,4
DA:95,4
DA:96,4
DA:97,4
DA:100,4
DA:103,4
DA:104,1
DA:109,4
DA:111,4
DA:112,4
DA:115,4
DA:116,0
DA:117,0
DA:121,0
DA:122,0
DA:127,4
DA:128,0
DA:129,0
DA:130,0
DA:133,4
DA:135,4
LF:28
LH:21
BRDA:92,0,0,4
BRDA:92,0,1,4
BRDA:115,1,0,0
BRDA:115,1,1,4
BRF:4
BRH:3
end_of_record
TN:
SF:controllers\todoController.js
FN:4,(anonymous_0)
FN:14,(anonymous_1)
FN:32,(anonymous_2)
FN:46,(anonymous_3)
FN:68,(anonymous_4)
FN:86,(anonymous_5)
FNF:6
FNH:3
FNDA:4,(anonymous_0)
FNDA:0,(anonymous_1)
FNDA:23,(anonymous_2)
FNDA:4,(anonymous_3)
FNDA:0,(anonymous_4)
FNDA:0,(anonymous_5)
DA:1,4
DA:5,4
DA:6,4
DA:7,4
DA:9,0
DA:10,0
DA:15,0
DA:16,0
DA:17,0
DA:18,0
DA:21,0
DA:22,0
DA:24,0
DA:25,0
DA:26,0
DA:28,0
DA:33,23
DA:34,23
DA:35,23
DA:36,20
DA:38,3
DA:39,3
DA:40,2
DA:42,1
DA:47,4
DA:48,4
DA:49,4
DA:50,0
DA:53,4
DA:54,4
DA:55,3
DA:57,1
DA:58,1
DA:59,1
DA:61,0
DA:62,0
DA:64,0
DA:69,0
DA:70,0
DA:71,0
DA:72,0
DA:75,0
DA:76,0
DA:78,0
DA:79,0
DA:80,0
DA:82,0
DA:87,0
DA:88,0
DA:89,0
DA:91,0
DA:92,0
DA:97,4
LF:53
LH:22
BRDA:17,0,0,0
BRDA:17,0,1,0
BRDA:25,1,0,0
BRDA:25,1,1,0
BRDA:39,2,0,2
BRDA:39,2,1,1
BRDA:49,3,0,0
BRDA:49,3,1,4
BRDA:58,4,0,1
BRDA:58,4,1,0
BRDA:61,5,0,0
BRDA:61,5,1,0
BRDA:71,6,0,0
BRDA:71,6,1,0
BRDA:79,7,0,0
BRDA:79,7,1,0
BRF:16
BRH:4
end_of_record
TN:
SF:dao\todoDao.js
FN:4,(anonymous_0)
FN:13,(anonymous_1)
FN:22,(anonymous_2)
FN:31,(anonymous_3)
FN:40,(anonymous_4)
FN:49,(anonymous_5)
FN:58,(anonymous_6)
FNF:7
FNH:5
FNDA:4,(anonymous_0)
FNDA:4,(anonymous_1)
FNDA:21,(anonymous_2)
FNDA:3,(anonymous_3)
FNDA:0,(anonymous_4)
FNDA:0,(anonymous_5)
FNDA:4,(anonymous_6)
DA:1,4
DA:5,4
DA:6,4
DA:8,0
DA:9,0
DA:14,4
DA:15,4
DA:17,0
DA:18,0
DA:23,21
DA:24,21
DA:26,1
DA:27,1
DA:32,3
DA:33,3
DA:35,0
DA:36,0
DA:41,0
DA:42,0
DA:44,0
DA:45,0
DA:50,0
DA:51,0
DA:53,0
DA:54,0
DA:59,4
DA:60,4
DA:61,4
DA:63,0
DA:64,0
DA:69,4
LF:31
LH:15
BRF:0
BRH:0
end_of_record
TN:
SF:db\todoDb.js
FN:5,(anonymous_0)
FN:15,(anonymous_1)
FN:31,(anonymous_2)
FN:51,(anonymous_3)
FN:60,(anonymous_4)
FNF:5
FNH:5
FNDA:4,(anonymous_0)
FNDA:55,(anonymous_1)
FNDA:8,(anonymous_2)
FNDA:4,(anonymous_3)
FNDA:15,(anonymous_4)
DA:1,4
DA:2,4
DA:6,4
DA:17,55
DA:18,55
DA:19,55
DA:20,54
DA:22,1
DA:23,1
DA:25,55
DA:26,55
DA:32,8
DA:42,8
DA:43,8
DA:44,8
DA:46,0
DA:47,0
DA:52,4
DA:53,4
DA:55,0
DA:56,0
DA:61,15
DA:62,15
DA:63,15
DA:64,15
DA:66,0
DA:67,0
DA:72,4
LF:28
LH:22
BRDA:25,0,0,55
BRDA:25,0,1,0
BRF:2
BRH:1
end_of_record
TN:
SF:models\todoModel.js
FN:4,(anonymous_0)
FN:10,(anonymous_1)
FN:16,(anonymous_2)
FN:26,(anonymous_3)
FN:55,(anonymous_4)
FN:61,(anonymous_5)
FNF:6
FNH:4
FNDA:4,(anonymous_0)
FNDA:4,(anonymous_1)
FNDA:21,(anonymous_2)
FNDA:3,(anonymous_3)
FNDA:0,(anonymous_4)
FNDA:0,(anonymous_5)
DA:1,4
DA:5,4
DA:6,4
DA:7,4
DA:11,4
DA:12,4
DA:13,4
DA:17,21
DA:22,21
DA:23,20
DA:27,3
DA:28,3
DA:29,3
DA:31,3
DA:32,1
DA:33,1
DA:36,3
DA:37,3
DA:38,3
DA:41,3
DA:42,3
DA:44,3
DA:51,3
DA:52,3
DA:56,0
DA:57,0
DA:58,0
DA:62,0
DA:63,0
DA:64,0
DA:68,4
LF:31
LH:25
BRDA:22,0,0,21
BRDA:22,0,1,21
BRDA:31,1,0,1
BRDA:31,1,1,2
BRDA:36,2,0,3
BRDA:36,2,1,0
BRF:6
BRH:5
end_of_record
TN:
SF:routes\todoRoutes.js
FNF:0
FNH:0
DA:1,4
DA:2,4
DA:4,4
DA:7,4
DA:10,4
DA:13,4
DA:16,4
DA:19,4
DA:22,4
DA:24,4
LF:10
LH:10
BRF:0
BRH:0
end_of_record
TN:
SF:services\todoService.js
FN:4,(anonymous_0)
FN:13,(anonymous_1)
FN:26,(anonymous_2)
FN:44,(anonymous_3)
FN:63,(anonymous_4)
FN:78,(anonymous_5)
FNF:6
FNH:3
FNDA:4,(anonymous_0)
FNDA:0,(anonymous_1)
FNDA:23,(anonymous_2)
FNDA:4,(anonymous_3)
FNDA:0,(anonymous_4)
FNDA:0,(anonymous_5)
DA:1,4
DA:5,4
DA:6,4
DA:8,0
DA:9,0
DA:14,0
DA:15,0
DA:16,0
DA:17,0
DA:19,0
DA:21,0
DA:22,0
DA:27,23
DA:28,23
DA:29,2
DA:32,21
DA:37,20
DA:39,3
DA:40,3
DA:45,4
DA:46,4
DA:47,4
DA:48,1
DA:51,3
DA:52,0
DA:55,3
DA:56,3
DA:58,1
DA:59,1
DA:64,0
DA:65,0
DA:66,0
DA:67,0
DA:70,0
DA:71,0
DA:73,0
DA:74,0
DA:79,0
DA:80,0
DA:82,0
DA:83,0
DA:88,4
LF:42
LH:20
BRDA:16,0,0,0
BRDA:16,0,1,0
BRDA:28,1,0,2
BRDA:28,1,1,21
BRDA:28,2,0,23
BRDA:28,2,1,21
BRDA:34,3,0,21
BRDA:34,3,1,21
BRDA:47,4,0,1
BRDA:47,4,1,3
BRDA:51,5,0,0
BRDA:51,5,1,3
BRDA:51,6,0,3
BRDA:51,6,1,1
BRDA:66,7,0,0
BRDA:66,7,1,0
BRF:16
BRH:11
end_of_record
