TN:
SF:server.js
FN:103,(anonymous_0)
FN:108,startServer
FN:116,(anonymous_2)
FN:127,(anonymous_3)
FNF:4
FNH:2
FNDA:1,(anonymous_0)
FNDA:1,startServer
FNDA:0,(anonymous_2)
FNDA:0,(anonymous_3)
DA:84,1
DA:85,1
DA:86,1
DA:87,1
DA:88,1
DA:89,1
DA:91,1
DA:92,1
DA:95,1
DA:96,1
DA:97,1
DA:100,1
DA:103,1
DA:104,1
DA:109,1
DA:111,1
DA:112,1
DA:115,1
DA:116,0
DA:117,0
DA:121,0
DA:122,0
DA:127,1
DA:128,0
DA:129,0
DA:130,0
DA:133,1
DA:135,1
LF:28
LH:21
BRDA:92,0,0,1
BRDA:92,0,1,1
BRDA:115,1,0,0
BRDA:115,1,1,1
BRF:4
BRH:3
end_of_record
TN:
SF:controllers\todoController.js
FN:4,(anonymous_0)
FN:14,(anonymous_1)
FN:32,(anonymous_2)
FN:46,(anonymous_3)
FN:68,(anonymous_4)
FN:86,(anonymous_5)
FNF:6
FNH:4
FNDA:1,(anonymous_0)
FNDA:0,(anonymous_1)
FNDA:4,(anonymous_2)
FNDA:1,(anonymous_3)
FNDA:1,(anonymous_4)
FNDA:0,(anonymous_5)
DA:1,1
DA:5,1
DA:6,1
DA:7,1
DA:9,0
DA:10,0
DA:15,0
DA:16,0
DA:17,0
DA:18,0
DA:21,0
DA:22,0
DA:24,0
DA:25,0
DA:26,0
DA:28,0
DA:33,4
DA:34,4
DA:35,4
DA:36,3
DA:38,1
DA:39,1
DA:40,1
DA:42,0
DA:47,1
DA:48,1
DA:49,1
DA:50,0
DA:53,1
DA:54,1
DA:55,1
DA:57,0
DA:58,0
DA:59,0
DA:61,0
DA:62,0
DA:64,0
DA:69,1
DA:70,1
DA:71,1
DA:72,0
DA:75,1
DA:76,1
DA:78,0
DA:79,0
DA:80,0
DA:82,0
DA:87,0
DA:88,0
DA:89,0
DA:91,0
DA:92,0
DA:97,1
LF:53
LH:23
BRDA:17,0,0,0
BRDA:17,0,1,0
BRDA:25,1,0,0
BRDA:25,1,1,0
BRDA:39,2,0,1
BRDA:39,2,1,0
BRDA:49,3,0,0
BRDA:49,3,1,1
BRDA:58,4,0,0
BRDA:58,4,1,0
BRDA:61,5,0,0
BRDA:61,5,1,0
BRDA:71,6,0,0
BRDA:71,6,1,1
BRDA:79,7,0,0
BRDA:79,7,1,0
BRF:16
BRH:3
end_of_record
TN:
SF:dao\todoDao.js
FN:4,(anonymous_0)
FN:13,(anonymous_1)
FN:22,(anonymous_2)
FN:31,(anonymous_3)
FN:40,(anonymous_4)
FN:49,(anonymous_5)
FN:58,(anonymous_6)
FNF:7
FNH:6
FNDA:1,(anonymous_0)
FNDA:2,(anonymous_1)
FNDA:3,(anonymous_2)
FNDA:1,(anonymous_3)
FNDA:1,(anonymous_4)
FNDA:0,(anonymous_5)
FNDA:2,(anonymous_6)
DA:1,1
DA:5,1
DA:6,1
DA:8,0
DA:9,0
DA:14,2
DA:15,2
DA:17,0
DA:18,0
DA:23,3
DA:24,3
DA:26,0
DA:27,0
DA:32,1
DA:33,1
DA:35,0
DA:36,0
DA:41,1
DA:42,1
DA:44,0
DA:45,0
DA:50,0
DA:51,0
DA:53,0
DA:54,0
DA:59,2
DA:60,2
DA:61,2
DA:63,0
DA:64,0
DA:69,1
LF:31
LH:15
BRF:0
BRH:0
end_of_record
TN:
SF:db\todoDb.js
FN:5,(anonymous_0)
FN:15,(anonymous_1)
FN:31,(anonymous_2)
FN:51,(anonymous_3)
FNF:4
FNH:4
FNDA:1,(anonymous_0)
FNDA:9,(anonymous_1)
FNDA:1,(anonymous_2)
FNDA:1,(anonymous_3)
DA:1,1
DA:2,1
DA:6,1
DA:17,9
DA:18,9
DA:19,9
DA:20,9
DA:22,0
DA:23,0
DA:25,9
DA:26,9
DA:32,1
DA:42,1
DA:43,1
DA:44,1
DA:46,0
DA:47,0
DA:52,1
DA:53,1
DA:55,0
DA:56,0
DA:61,1
LF:22
LH:16
BRDA:25,0,0,9
BRDA:25,0,1,0
BRF:2
BRH:1
end_of_record
TN:
SF:models\todoModel.js
FN:4,(anonymous_0)
FN:10,(anonymous_1)
FN:16,(anonymous_2)
FN:26,(anonymous_3)
FN:55,(anonymous_4)
FN:61,(anonymous_5)
FNF:6
FNH:5
FNDA:1,(anonymous_0)
FNDA:2,(anonymous_1)
FNDA:3,(anonymous_2)
FNDA:1,(anonymous_3)
FNDA:1,(anonymous_4)
FNDA:0,(anonymous_5)
DA:1,1
DA:5,1
DA:6,1
DA:7,1
DA:11,2
DA:12,2
DA:13,2
DA:17,3
DA:22,3
DA:23,3
DA:27,1
DA:28,1
DA:29,1
DA:31,1
DA:32,0
DA:33,0
DA:36,1
DA:37,1
DA:38,1
DA:41,1
DA:42,1
DA:44,1
DA:51,1
DA:52,1
DA:56,1
DA:57,1
DA:58,1
DA:62,0
DA:63,0
DA:64,0
DA:68,1
LF:31
LH:26
BRDA:22,0,0,3
BRDA:22,0,1,3
BRDA:31,1,0,0
BRDA:31,1,1,1
BRDA:36,2,0,1
BRDA:36,2,1,0
BRF:6
BRH:4
end_of_record
TN:
SF:routes\todoRoutes.js
FNF:0
FNH:0
DA:1,1
DA:2,1
DA:4,1
DA:7,1
DA:10,1
DA:13,1
DA:16,1
DA:19,1
DA:22,1
DA:24,1
LF:10
LH:10
BRF:0
BRH:0
end_of_record
TN:
SF:services\todoService.js
FN:4,(anonymous_0)
FN:13,(anonymous_1)
FN:26,(anonymous_2)
FN:44,(anonymous_3)
FN:63,(anonymous_4)
FN:78,(anonymous_5)
FNF:6
FNH:4
FNDA:1,(anonymous_0)
FNDA:0,(anonymous_1)
FNDA:4,(anonymous_2)
FNDA:1,(anonymous_3)
FNDA:1,(anonymous_4)
FNDA:0,(anonymous_5)
DA:1,1
DA:5,1
DA:6,1
DA:8,0
DA:9,0
DA:14,0
DA:15,0
DA:16,0
DA:17,0
DA:19,0
DA:21,0
DA:22,0
DA:27,4
DA:28,4
DA:29,1
DA:32,3
DA:37,3
DA:39,1
DA:40,1
DA:45,1
DA:46,1
DA:47,1
DA:48,0
DA:51,1
DA:52,0
DA:55,1
DA:56,1
DA:58,0
DA:59,0
DA:64,1
DA:65,1
DA:66,1
DA:67,0
DA:70,1
DA:71,1
DA:73,0
DA:74,0
DA:79,0
DA:80,0
DA:82,0
DA:83,0
DA:88,1
LF:42
LH:22
BRDA:16,0,0,0
BRDA:16,0,1,0
BRDA:28,1,0,1
BRDA:28,1,1,3
BRDA:28,2,0,4
BRDA:28,2,1,3
BRDA:34,3,0,3
BRDA:34,3,1,3
BRDA:47,4,0,0
BRDA:47,4,1,1
BRDA:51,5,0,0
BRDA:51,5,1,1
BRDA:51,6,0,1
BRDA:51,6,1,0
BRDA:66,7,0,0
BRDA:66,7,1,1
BRF:16
BRH:10
end_of_record
